<?xml version="1.0" encoding="UTF-8"?>
<!-- Generated by org.testng.reporters.JUnitReportReporter -->
<testsuite skipped="0" hostname="4KMOUN6CN638Y3Z" name="tests.NewTest" tests="1" failures="0" timestamp="2019-09-28T15:54:38 ICT" time="2.980" errors="0">
  <testcase name="openMyBlog" time="2.980" classname="tests.NewTest"/>
</testsuite> <!-- tests.NewTest -->
